[debug] [2026-01-06T01:39:07.793Z] ----------------------------------------------------------------------
[debug] [2026-01-06T01:39:07.796Z] Command:       C:\Program Files\nodejs\node.exe C:\Users\sakna\AppData\Roaming\npm\node_modules\firebase-tools\lib\bin\firebase.js functions:shell
[debug] [2026-01-06T01:39:07.797Z] CLI Version:   15.1.0
[debug] [2026-01-06T01:39:07.797Z] Platform:      win32
[debug] [2026-01-06T01:39:07.797Z] Node Version:  v22.15.0
[debug] [2026-01-06T01:39:07.798Z] Time:          Tue Jan 06 2026 08:39:07 GMT+0700 (Indochina Time)
[debug] [2026-01-06T01:39:07.798Z] ----------------------------------------------------------------------
[debug] 
[debug] [2026-01-06T01:39:12.578Z] > command requires scopes: ["email","openid","https://www.googleapis.com/auth/cloudplatformprojects.readonly","https://www.googleapis.com/auth/firebase","https://www.googleapis.com/auth/cloud-platform"]
[debug] [2026-01-06T01:39:12.579Z] > authorizing via signed-in user (saknarin828@gmail.com)
[debug] [2026-01-06T01:39:12.579Z] [iam] checking project hyperlocal-alert for permissions ["firebase.projects.get"]
[debug] [2026-01-06T01:39:12.582Z] Checked if tokens are valid: false, expires at: 1767604368085
[debug] [2026-01-06T01:39:12.583Z] Checked if tokens are valid: false, expires at: 1767604368085
[debug] [2026-01-06T01:39:12.583Z] > refreshing access token with scopes: []
[debug] [2026-01-06T01:39:12.587Z] >>> [apiv2][query] POST https://www.googleapis.com/oauth2/v3/token [none]
[debug] [2026-01-06T01:39:12.588Z] >>> [apiv2][body] POST https://www.googleapis.com/oauth2/v3/token [omitted]
[debug] [2026-01-06T01:39:12.966Z] <<< [apiv2][status] POST https://www.googleapis.com/oauth2/v3/token 200
[debug] [2026-01-06T01:39:12.966Z] <<< [apiv2][body] POST https://www.googleapis.com/oauth2/v3/token [omitted]
[debug] [2026-01-06T01:39:12.981Z] >>> [apiv2][query] POST https://cloudresourcemanager.googleapis.com/v1/projects/hyperlocal-alert:testIamPermissions [none]
[debug] [2026-01-06T01:39:12.981Z] >>> [apiv2][(partial)header] POST https://cloudresourcemanager.googleapis.com/v1/projects/hyperlocal-alert:testIamPermissions x-goog-quota-user=projects/hyperlocal-alert
[debug] [2026-01-06T01:39:12.981Z] >>> [apiv2][body] POST https://cloudresourcemanager.googleapis.com/v1/projects/hyperlocal-alert:testIamPermissions {"permissions":["firebase.projects.get"]}
[debug] [2026-01-06T01:39:14.319Z] <<< [apiv2][status] POST https://cloudresourcemanager.googleapis.com/v1/projects/hyperlocal-alert:testIamPermissions 200
[debug] [2026-01-06T01:39:14.319Z] <<< [apiv2][body] POST https://cloudresourcemanager.googleapis.com/v1/projects/hyperlocal-alert:testIamPermissions {"permissions":["firebase.projects.get"]}
[debug] [2026-01-06T01:39:14.320Z] Emulator locator file path: C:\Users\sakna\AppData\Local\Temp\hub-hyperlocal-alert.json
[debug] [2026-01-06T01:39:14.325Z] [functions] Functions Emulator only supports listening on one address (127.0.0.1). Not listening on ::1
[debug] [2026-01-06T01:39:14.339Z] defaultcredentials: writing to file C:\Users\sakna\AppData\Roaming\firebase\saknarin828_gmail_com_application_default_credentials.json
[debug] [2026-01-06T01:39:14.341Z] DEBUG: Setting GAC to C:\Users\sakna\AppData\Roaming\firebase\saknarin828_gmail_com_application_default_credentials.json
[debug] [2026-01-06T01:39:14.341Z] Checked if tokens are valid: true, expires at: 1767667150967
[debug] [2026-01-06T01:39:14.341Z] Checked if tokens are valid: true, expires at: 1767667150967
[debug] [2026-01-06T01:39:14.341Z] >>> [apiv2][query] GET https://firebase.googleapis.com/v1beta1/projects/hyperlocal-alert/adminSdkConfig [none]
[debug] [2026-01-06T01:39:24.835Z] <<< [apiv2][status] GET https://firebase.googleapis.com/v1beta1/projects/hyperlocal-alert/adminSdkConfig 200
[debug] [2026-01-06T01:39:24.835Z] <<< [apiv2][body] GET https://firebase.googleapis.com/v1beta1/projects/hyperlocal-alert/adminSdkConfig {"projectId":"hyperlocal-alert","storageBucket":"hyperlocal-alert.firebasestorage.app"}
[debug] [2026-01-06T01:39:24.845Z] [functions] Watching "C:\Users\sakna\Desktop\Project\hyperlocal-alert\functions" for Cloud Functions...
[debug] [2026-01-06T01:39:24.849Z] Validating nodejs source
[debug] [2026-01-06T01:39:26.454Z] > [functions] package.json contents: {
  "name": "functions",
  "scripts": {
    "lint": "eslint --ext .js,.ts .",
    "build": "tsc",
    "build:watch": "tsc --watch",
    "serve": "npm run build && firebase emulators:start --only functions",
    "shell": "npm run build && firebase functions:shell",
    "start": "npm run shell",
    "deploy": "firebase deploy --only functions",
    "logs": "firebase functions:log"
  },
  "engines": {
    "node": "22"
  },
  "main": "lib/index.js",
  "dependencies": {
    "firebase-admin": "^13.6.0",
    "firebase-functions": "^7.0.0"
  },
  "devDependencies": {
    "@typescript-eslint/eslint-plugin": "^8.51.0",
    "@typescript-eslint/parser": "^8.51.0",
    "eslint": "^9.39.2",
    "eslint-config-google": "^0.14.0",
    "eslint-plugin-import": "^2.25.4",
    "firebase-functions-test": "^3.4.1",
    "typescript": "^5.7.3"
  },
  "private": true
}
[debug] [2026-01-06T01:39:26.454Z] Building nodejs source
[debug] [2026-01-06T01:39:26.455Z] Failed to find version of module node: reached end of search path C:\Users\sakna\Desktop\Project\hyperlocal-alert\functions\node_modules
[info] +  functions: Using node@22 from host. 
[debug] [2026-01-06T01:39:26.458Z] Could not find functions.yaml. Must use http discovery
[debug] [2026-01-06T01:39:26.469Z] Found firebase-functions binary at 'C:\Users\sakna\Desktop\Project\hyperlocal-alert\functions\node_modules\.bin\firebase-functions'
[info] Serving at port 8453

[debug] [2026-01-06T01:39:27.953Z] Got response from /__/functions.yaml {"endpoints":{"notifyonincidentapproval":{"availableMemoryMb":null,"timeoutSeconds":null,"minInstances":null,"maxInstances":10,"ingressSettings":null,"concurrency":null,"serviceAccountEmail":null,"vpc":null,"platform":"gcfv2","labels":{},"eventTrigger":{"eventType":"google.cloud.firestore.document.v1.updated","eventFilters":{"database":"(default)","namespace":"(default)"},"eventFilterPathPatterns":{"document":"incidents/{incidentId}"},"retry":false},"entryPoint":"notifyonincidentapproval"},"sendtestnotification":{"availableMemoryMb":null,"timeoutSeconds":null,"minInstances":null,"maxInstances":10,"ingressSettings":null,"concurrency":null,"serviceAccountEmail":null,"vpc":null,"platform":"gcfv2","labels":{},"httpsTrigger":{},"entryPoint":"sendtestnotification"}},"specVersion":"v1alpha1","requiredAPIs":[],"extensions":{}}
[debug] [2026-01-06T01:39:31.992Z] [functions] Loaded functions definitions from source: notifyonincidentapproval, sendtestnotification.
[debug] [2026-01-06T01:39:31.993Z] [functions[us-central1-notifyonincidentapproval]] function ignored because the firestore emulator does not exist or is not running.
[debug] [2026-01-06T01:39:31.994Z] [functions[us-central1-sendtestnotification]] http function initialized (http://127.0.0.1:5000/hyperlocal-alert/us-central1/sendtestnotification).
[info] i  functions: Loaded functions: notifyonincidentapproval, sendtestnotification 
[warn] !  functions: The following emulators are not running, calls to these services will affect production: firestore, database, pubsub, storage, eventarc, tasks 
